<?xml version="1.0" encoding="UTF-8"?>
<!-- Generated by org.testng.reporters.JUnitReportReporter -->
<testsuite hostname="DESKTOP-M1LTF6H" failures="0" tests="1" name="tests.TestCase1" time="37.795" errors="0" timestamp="2022-09-09T04:13:05 BDT" skipped="0">
  <testcase classname="tests.TestCase1" name="loginTest" time="37.795"/>
  <system-out/>
</testsuite> <!-- tests.TestCase1 -->
