<?xml version="1.0" encoding="UTF-8"?>
<!-- Generated by org.testng.reporters.JUnitReportReporter -->
<testsuite hostname="DESKTOP-M1LTF6H" failures="0" tests="1" name="tests.TestCase2" time="76.162" errors="0" timestamp="2022-09-09T04:15:00 BDT" skipped="0">
  <testcase classname="tests.TestCase2" name="loginTest" time="76.162"/>
  <system-out/>
</testsuite> <!-- tests.TestCase2 -->
